<?xml version="1.0" encoding="UTF-8"?>
<!-- Generated by org.testng.reporters.JUnitReportReporter -->
<testsuite skipped="0" hostname="DEVOPS_06" name="TddProject.Test_final" tests="1" failures="0" timestamp="24 Aug 2018 05:19:07 GMT" time="7.667" errors="0">
  <testcase name="f1" time="7.667" classname="TddProject.Test_final"/>
</testsuite> <!-- TddProject.Test_final -->
